2023-02-26 15:32:05.880 INFO [main] [utils.LoggerManager.log(LoggerManager.java:33)] - Reading WebDriver config
2023-02-26 15:32:05.902 INFO [main] [utils.LoggerManager.log(LoggerManager.java:33)] - Selected browser is --> chrome
2023-02-26 15:32:05.903 INFO [main] [utils.LoggerManager.log(LoggerManager.java:33)] - Initializing Selenium WebDriver Manager
2023-02-26 15:32:11.965 INFO [main] [utils.LoggerManager.log(LoggerManager.java:33)] - Scenario: --> The user gets an error message when login with incorrect email and password
2023-02-26 15:32:11.974 INFO [main] [utils.LoggerManager.log(LoggerManager.java:33)] - Reading credentials
2023-02-26 15:32:11.977 INFO [main] [utils.LoggerManager.log(LoggerManager.java:33)] - WordPress Environment Id --> local
2023-02-26 15:32:11.979 INFO [main] [utils.LoggerManager.log(LoggerManager.java:33)] - Initializing Page Transporter
2023-02-26 15:32:19.104 INFO [main] [utils.LoggerManager.log(LoggerManager.java:33)] - Scenario: --> PASSED : The user gets an error message when login with incorrect email and password
2023-02-26 15:32:19.108 INFO [main] [utils.LoggerManager.log(LoggerManager.java:33)] - Closing WebDriver
2023-02-26 15:39:54.753 INFO [main] [utils.LoggerManager.log(LoggerManager.java:33)] - Reading WebDriver config
2023-02-26 15:39:54.757 INFO [main] [utils.LoggerManager.log(LoggerManager.java:33)] - Selected browser is --> chrome
2023-02-26 15:39:54.757 INFO [main] [utils.LoggerManager.log(LoggerManager.java:33)] - Initializing Selenium WebDriver Manager
2023-02-26 15:39:58.065 INFO [main] [utils.LoggerManager.log(LoggerManager.java:33)] - Scenario: --> The user gets a warning message when login without credentials
2023-02-26 15:39:58.075 INFO [main] [utils.LoggerManager.log(LoggerManager.java:33)] - Reading credentials
2023-02-26 15:39:58.075 INFO [main] [utils.LoggerManager.log(LoggerManager.java:33)] - WordPress Environment Id --> local
2023-02-26 15:39:58.077 INFO [main] [utils.LoggerManager.log(LoggerManager.java:33)] - Initializing Page Transporter
2023-02-26 15:40:01.713 INFO [main] [utils.LoggerManager.log(LoggerManager.java:33)] - Scenario: --> FAILED : The user gets a warning message when login without credentials
2023-02-26 15:40:01.949 INFO [main] [utils.LoggerManager.log(LoggerManager.java:33)] - Closing WebDriver
2023-02-26 15:41:53.883 INFO [main] [utils.LoggerManager.log(LoggerManager.java:33)] - Reading WebDriver config
2023-02-26 15:41:53.887 INFO [main] [utils.LoggerManager.log(LoggerManager.java:33)] - Selected browser is --> chrome
2023-02-26 15:41:53.888 INFO [main] [utils.LoggerManager.log(LoggerManager.java:33)] - Initializing Selenium WebDriver Manager
2023-02-26 15:41:56.423 INFO [main] [utils.LoggerManager.log(LoggerManager.java:33)] - Scenario: --> The user gets a warning message when login without credentials
2023-02-26 15:41:56.438 INFO [main] [utils.LoggerManager.log(LoggerManager.java:33)] - Reading credentials
2023-02-26 15:41:56.439 INFO [main] [utils.LoggerManager.log(LoggerManager.java:33)] - WordPress Environment Id --> local
2023-02-26 15:41:56.440 INFO [main] [utils.LoggerManager.log(LoggerManager.java:33)] - Initializing Page Transporter
2023-02-26 15:42:06.923 INFO [main] [utils.LoggerManager.log(LoggerManager.java:33)] - Scenario: --> FAILED : The user gets a warning message when login without credentials
2023-02-26 15:42:07.221 INFO [main] [utils.LoggerManager.log(LoggerManager.java:33)] - Closing WebDriver
2023-02-26 15:49:13.385 INFO [main] [utils.LoggerManager.log(LoggerManager.java:33)] - Reading WebDriver config
2023-02-26 15:49:13.390 INFO [main] [utils.LoggerManager.log(LoggerManager.java:33)] - Selected browser is --> chrome
2023-02-26 15:49:13.391 INFO [main] [utils.LoggerManager.log(LoggerManager.java:33)] - Initializing Selenium WebDriver Manager
2023-02-26 15:49:17.250 INFO [main] [utils.LoggerManager.log(LoggerManager.java:33)] - Scenario: --> The user gets a warning message when login without credentials
2023-02-26 15:49:17.257 INFO [main] [utils.LoggerManager.log(LoggerManager.java:33)] - Reading credentials
2023-02-26 15:49:17.257 INFO [main] [utils.LoggerManager.log(LoggerManager.java:33)] - WordPress Environment Id --> local
2023-02-26 15:49:17.259 INFO [main] [utils.LoggerManager.log(LoggerManager.java:33)] - Initializing Page Transporter
2023-02-26 15:49:24.614 INFO [main] [utils.LoggerManager.log(LoggerManager.java:33)] - Scenario: --> FAILED : The user gets a warning message when login without credentials
2023-02-26 15:49:25.262 INFO [main] [utils.LoggerManager.log(LoggerManager.java:33)] - Closing WebDriver
2023-02-26 15:55:30.178 INFO [main] [utils.LoggerManager.log(LoggerManager.java:33)] - Reading WebDriver config
2023-02-26 15:55:30.182 INFO [main] [utils.LoggerManager.log(LoggerManager.java:33)] - Selected browser is --> chrome
2023-02-26 15:55:30.183 INFO [main] [utils.LoggerManager.log(LoggerManager.java:33)] - Initializing Selenium WebDriver Manager
2023-02-26 15:55:33.228 INFO [main] [utils.LoggerManager.log(LoggerManager.java:33)] - Scenario: --> The user gets a warning message when login without credentials
2023-02-26 15:55:33.234 INFO [main] [utils.LoggerManager.log(LoggerManager.java:33)] - Reading credentials
2023-02-26 15:55:33.235 INFO [main] [utils.LoggerManager.log(LoggerManager.java:33)] - WordPress Environment Id --> local
2023-02-26 15:55:33.236 INFO [main] [utils.LoggerManager.log(LoggerManager.java:33)] - Initializing Page Transporter
2023-02-26 15:55:39.803 INFO [main] [utils.LoggerManager.log(LoggerManager.java:33)] - Scenario: --> FAILED : The user gets a warning message when login without credentials
2023-02-26 15:55:40.015 INFO [main] [utils.LoggerManager.log(LoggerManager.java:33)] - Closing WebDriver
2023-02-26 15:58:18.044 INFO [main] [utils.LoggerManager.log(LoggerManager.java:33)] - Reading WebDriver config
2023-02-26 15:58:18.048 INFO [main] [utils.LoggerManager.log(LoggerManager.java:33)] - Selected browser is --> chrome
2023-02-26 15:58:18.049 INFO [main] [utils.LoggerManager.log(LoggerManager.java:33)] - Initializing Selenium WebDriver Manager
2023-02-26 15:58:20.514 INFO [main] [utils.LoggerManager.log(LoggerManager.java:33)] - Scenario: --> The user gets a warning message when login without credentials
2023-02-26 15:58:20.522 INFO [main] [utils.LoggerManager.log(LoggerManager.java:33)] - Reading credentials
2023-02-26 15:58:20.523 INFO [main] [utils.LoggerManager.log(LoggerManager.java:33)] - WordPress Environment Id --> local
2023-02-26 15:58:20.524 INFO [main] [utils.LoggerManager.log(LoggerManager.java:33)] - Initializing Page Transporter
2023-02-26 15:58:25.208 INFO [main] [utils.LoggerManager.log(LoggerManager.java:33)] - Scenario: --> FAILED : The user gets a warning message when login without credentials
2023-02-26 15:58:25.503 INFO [main] [utils.LoggerManager.log(LoggerManager.java:33)] - Closing WebDriver
2023-02-26 16:28:56.764 INFO [main] [utils.LoggerManager.log(LoggerManager.java:33)] - Reading WebDriver config
2023-02-26 16:28:56.769 INFO [main] [utils.LoggerManager.log(LoggerManager.java:33)] - Selected browser is --> chrome
2023-02-26 16:28:56.770 INFO [main] [utils.LoggerManager.log(LoggerManager.java:33)] - Initializing Selenium WebDriver Manager
2023-02-26 16:29:01.450 INFO [main] [utils.LoggerManager.log(LoggerManager.java:33)] - Scenario: --> The user gets a warning message when login without credentials
2023-02-26 16:29:01.462 INFO [main] [utils.LoggerManager.log(LoggerManager.java:33)] - Reading credentials
2023-02-26 16:29:01.463 INFO [main] [utils.LoggerManager.log(LoggerManager.java:33)] - WordPress Environment Id --> local
2023-02-26 16:29:01.464 INFO [main] [utils.LoggerManager.log(LoggerManager.java:33)] - Initializing Page Transporter
2023-02-26 16:30:33.272 INFO [main] [utils.LoggerManager.log(LoggerManager.java:33)] - Reading WebDriver config
2023-02-26 16:30:33.275 INFO [main] [utils.LoggerManager.log(LoggerManager.java:33)] - Selected browser is --> chrome
2023-02-26 16:30:33.276 INFO [main] [utils.LoggerManager.log(LoggerManager.java:33)] - Initializing Selenium WebDriver Manager
2023-02-26 16:30:36.413 INFO [main] [utils.LoggerManager.log(LoggerManager.java:33)] - Scenario: --> The user gets a warning message when login without credentials
2023-02-26 16:30:36.425 INFO [main] [utils.LoggerManager.log(LoggerManager.java:33)] - Reading credentials
2023-02-26 16:30:36.425 INFO [main] [utils.LoggerManager.log(LoggerManager.java:33)] - WordPress Environment Id --> local
2023-02-26 16:30:36.428 INFO [main] [utils.LoggerManager.log(LoggerManager.java:33)] - Initializing Page Transporter
2023-02-26 16:30:40.962 INFO [main] [utils.LoggerManager.log(LoggerManager.java:33)] - Scenario: --> FAILED : The user gets a warning message when login without credentials
2023-02-26 16:30:41.538 INFO [main] [utils.LoggerManager.log(LoggerManager.java:33)] - Closing WebDriver
2023-02-26 16:31:40.988 INFO [main] [utils.LoggerManager.log(LoggerManager.java:33)] - Reading WebDriver config
2023-02-26 16:31:40.992 INFO [main] [utils.LoggerManager.log(LoggerManager.java:33)] - Selected browser is --> chrome
2023-02-26 16:31:40.993 INFO [main] [utils.LoggerManager.log(LoggerManager.java:33)] - Initializing Selenium WebDriver Manager
2023-02-26 16:31:43.606 INFO [main] [utils.LoggerManager.log(LoggerManager.java:33)] - Scenario: --> The user gets a warning message when login without credentials
2023-02-26 16:31:43.622 INFO [main] [utils.LoggerManager.log(LoggerManager.java:33)] - Reading credentials
2023-02-26 16:31:43.624 INFO [main] [utils.LoggerManager.log(LoggerManager.java:33)] - WordPress Environment Id --> local
2023-02-26 16:31:43.627 INFO [main] [utils.LoggerManager.log(LoggerManager.java:33)] - Initializing Page Transporter
2023-02-26 16:32:25.935 INFO [main] [utils.LoggerManager.log(LoggerManager.java:33)] - Scenario: --> FAILED : The user gets a warning message when login without credentials
2023-02-26 16:32:26.136 INFO [main] [utils.LoggerManager.log(LoggerManager.java:33)] - Closing WebDriver
2023-02-26 16:33:33.010 INFO [main] [utils.LoggerManager.log(LoggerManager.java:33)] - Reading WebDriver config
2023-02-26 16:33:33.014 INFO [main] [utils.LoggerManager.log(LoggerManager.java:33)] - Selected browser is --> chrome
2023-02-26 16:33:33.015 INFO [main] [utils.LoggerManager.log(LoggerManager.java:33)] - Initializing Selenium WebDriver Manager
2023-02-26 16:33:36.592 INFO [main] [utils.LoggerManager.log(LoggerManager.java:33)] - Scenario: --> The user gets a warning message when login without credentials
2023-02-26 16:33:36.908 INFO [main] [utils.LoggerManager.log(LoggerManager.java:33)] - Reading credentials
2023-02-26 16:33:36.909 INFO [main] [utils.LoggerManager.log(LoggerManager.java:33)] - WordPress Environment Id --> local
2023-02-26 16:33:36.912 INFO [main] [utils.LoggerManager.log(LoggerManager.java:33)] - Initializing Page Transporter
2023-02-26 16:34:12.659 INFO [main] [utils.LoggerManager.log(LoggerManager.java:33)] - Scenario: --> FAILED : The user gets a warning message when login without credentials
2023-02-26 16:34:12.921 INFO [main] [utils.LoggerManager.log(LoggerManager.java:33)] - Closing WebDriver
2023-02-26 16:35:35.344 INFO [main] [utils.LoggerManager.log(LoggerManager.java:33)] - Reading WebDriver config
2023-02-26 16:35:35.348 INFO [main] [utils.LoggerManager.log(LoggerManager.java:33)] - Selected browser is --> chrome
2023-02-26 16:35:35.349 INFO [main] [utils.LoggerManager.log(LoggerManager.java:33)] - Initializing Selenium WebDriver Manager
2023-02-26 16:35:38.769 INFO [main] [utils.LoggerManager.log(LoggerManager.java:33)] - Scenario: --> The user gets a warning message when login without credentials
2023-02-26 16:35:38.776 INFO [main] [utils.LoggerManager.log(LoggerManager.java:33)] - Reading credentials
2023-02-26 16:35:38.776 INFO [main] [utils.LoggerManager.log(LoggerManager.java:33)] - WordPress Environment Id --> local
2023-02-26 16:35:38.777 INFO [main] [utils.LoggerManager.log(LoggerManager.java:33)] - Initializing Page Transporter
2023-02-26 16:35:59.486 INFO [main] [utils.LoggerManager.log(LoggerManager.java:33)] - Scenario: --> FAILED : The user gets a warning message when login without credentials
2023-02-26 16:35:59.759 INFO [main] [utils.LoggerManager.log(LoggerManager.java:33)] - Closing WebDriver
2023-02-26 16:39:03.794 INFO [main] [utils.LoggerManager.log(LoggerManager.java:33)] - Reading WebDriver config
2023-02-26 16:39:03.797 INFO [main] [utils.LoggerManager.log(LoggerManager.java:33)] - Selected browser is --> chrome
2023-02-26 16:39:03.798 INFO [main] [utils.LoggerManager.log(LoggerManager.java:33)] - Initializing Selenium WebDriver Manager
2023-02-26 16:39:06.567 INFO [main] [utils.LoggerManager.log(LoggerManager.java:33)] - Scenario: --> The user gets an error message when login with incorrect email and password
2023-02-26 16:39:06.589 INFO [main] [utils.LoggerManager.log(LoggerManager.java:33)] - Reading credentials
2023-02-26 16:39:06.590 INFO [main] [utils.LoggerManager.log(LoggerManager.java:33)] - WordPress Environment Id --> local
2023-02-26 16:39:06.591 INFO [main] [utils.LoggerManager.log(LoggerManager.java:33)] - Initializing Page Transporter
2023-02-26 16:39:27.604 INFO [main] [utils.LoggerManager.log(LoggerManager.java:33)] - Scenario: --> FAILED : The user gets an error message when login with incorrect email and password
2023-02-26 16:39:27.794 INFO [main] [utils.LoggerManager.log(LoggerManager.java:33)] - Closing WebDriver
2023-02-26 16:40:34.466 INFO [main] [utils.LoggerManager.log(LoggerManager.java:33)] - Reading WebDriver config
2023-02-26 16:40:34.470 INFO [main] [utils.LoggerManager.log(LoggerManager.java:33)] - Selected browser is --> chrome
2023-02-26 16:40:34.471 INFO [main] [utils.LoggerManager.log(LoggerManager.java:33)] - Initializing Selenium WebDriver Manager
2023-02-26 16:40:37.404 INFO [main] [utils.LoggerManager.log(LoggerManager.java:33)] - Scenario: --> The user gets an error message when login with incorrect email and password
2023-02-26 16:40:37.412 INFO [main] [utils.LoggerManager.log(LoggerManager.java:33)] - Reading credentials
2023-02-26 16:40:37.413 INFO [main] [utils.LoggerManager.log(LoggerManager.java:33)] - WordPress Environment Id --> local
2023-02-26 16:40:37.413 INFO [main] [utils.LoggerManager.log(LoggerManager.java:33)] - Initializing Page Transporter
2023-02-26 16:40:44.686 INFO [main] [utils.LoggerManager.log(LoggerManager.java:33)] - Scenario: --> PASSED : The user gets an error message when login with incorrect email and password
2023-02-26 16:40:44.689 INFO [main] [utils.LoggerManager.log(LoggerManager.java:33)] - Closing WebDriver
2023-02-26 18:27:25.288 INFO [main] [utils.LoggerManager.log(LoggerManager.java:33)] - Reading WebDriver config
2023-02-26 18:27:25.292 INFO [main] [utils.LoggerManager.log(LoggerManager.java:33)] - Selected browser is --> chrome
2023-02-26 18:27:25.292 INFO [main] [utils.LoggerManager.log(LoggerManager.java:33)] - Initializing Selenium WebDriver Manager
2023-02-26 18:27:30.125 INFO [main] [utils.LoggerManager.log(LoggerManager.java:33)] - Scenario: --> The user is able to register into the page
2023-02-26 18:27:30.134 INFO [main] [utils.LoggerManager.log(LoggerManager.java:33)] - Reading credentials
2023-02-26 18:27:30.135 INFO [main] [utils.LoggerManager.log(LoggerManager.java:33)] - WordPress Environment Id --> local
2023-02-26 18:27:30.137 INFO [main] [utils.LoggerManager.log(LoggerManager.java:33)] - Initializing Page Transporter
2023-02-26 18:28:05.606 INFO [main] [utils.LoggerManager.log(LoggerManager.java:33)] - Scenario: --> FAILED : The user is able to register into the page
2023-02-26 18:28:05.803 INFO [main] [utils.LoggerManager.log(LoggerManager.java:33)] - Scenario: --> The user is able to register into the page
2023-02-26 18:28:36.026 INFO [main] [utils.LoggerManager.log(LoggerManager.java:33)] - Scenario: --> FAILED : The user is able to register into the page
2023-02-26 18:28:36.245 INFO [main] [utils.LoggerManager.log(LoggerManager.java:33)] - Closing WebDriver
2023-02-26 18:32:15.459 INFO [main] [utils.LoggerManager.log(LoggerManager.java:33)] - Reading WebDriver config
2023-02-26 18:32:15.463 INFO [main] [utils.LoggerManager.log(LoggerManager.java:33)] - Selected browser is --> chrome
2023-02-26 18:32:15.464 INFO [main] [utils.LoggerManager.log(LoggerManager.java:33)] - Initializing Selenium WebDriver Manager
2023-02-26 18:32:18.577 INFO [main] [utils.LoggerManager.log(LoggerManager.java:33)] - Scenario: --> The user is able to register into the page
2023-02-26 18:32:18.588 INFO [main] [utils.LoggerManager.log(LoggerManager.java:33)] - Reading credentials
2023-02-26 18:32:18.588 INFO [main] [utils.LoggerManager.log(LoggerManager.java:33)] - WordPress Environment Id --> local
2023-02-26 18:32:18.589 INFO [main] [utils.LoggerManager.log(LoggerManager.java:33)] - Initializing Page Transporter
2023-02-26 18:32:53.020 INFO [main] [utils.LoggerManager.log(LoggerManager.java:33)] - Scenario: --> FAILED : The user is able to register into the page
2023-02-26 18:32:53.246 INFO [main] [utils.LoggerManager.log(LoggerManager.java:33)] - Scenario: --> The user is able to register into the page
2023-02-26 18:34:27.747 INFO [main] [utils.LoggerManager.log(LoggerManager.java:33)] - Reading WebDriver config
2023-02-26 18:34:27.751 INFO [main] [utils.LoggerManager.log(LoggerManager.java:33)] - Selected browser is --> chrome
2023-02-26 18:34:27.753 INFO [main] [utils.LoggerManager.log(LoggerManager.java:33)] - Initializing Selenium WebDriver Manager
2023-02-26 18:34:31.778 INFO [main] [utils.LoggerManager.log(LoggerManager.java:33)] - Scenario: --> The user is able to register into the page
2023-02-26 18:34:31.785 INFO [main] [utils.LoggerManager.log(LoggerManager.java:33)] - Reading credentials
2023-02-26 18:34:31.785 INFO [main] [utils.LoggerManager.log(LoggerManager.java:33)] - WordPress Environment Id --> local
2023-02-26 18:34:31.787 INFO [main] [utils.LoggerManager.log(LoggerManager.java:33)] - Initializing Page Transporter
2023-02-26 18:35:05.227 INFO [main] [utils.LoggerManager.log(LoggerManager.java:33)] - Scenario: --> FAILED : The user is able to register into the page
2023-02-26 18:35:05.420 INFO [main] [utils.LoggerManager.log(LoggerManager.java:33)] - Scenario: --> The user is able to register into the page
2023-02-26 18:35:48.936 INFO [main] [utils.LoggerManager.log(LoggerManager.java:33)] - Reading WebDriver config
2023-02-26 18:35:48.946 INFO [main] [utils.LoggerManager.log(LoggerManager.java:33)] - Selected browser is --> chrome
2023-02-26 18:35:48.948 INFO [main] [utils.LoggerManager.log(LoggerManager.java:33)] - Initializing Selenium WebDriver Manager
2023-02-26 18:35:51.718 INFO [main] [utils.LoggerManager.log(LoggerManager.java:33)] - Scenario: --> The user is able to register into the page
2023-02-26 18:35:51.733 INFO [main] [utils.LoggerManager.log(LoggerManager.java:33)] - Reading credentials
2023-02-26 18:35:51.733 INFO [main] [utils.LoggerManager.log(LoggerManager.java:33)] - WordPress Environment Id --> local
2023-02-26 18:35:51.734 INFO [main] [utils.LoggerManager.log(LoggerManager.java:33)] - Initializing Page Transporter
2023-02-26 18:36:06.455 INFO [main] [utils.LoggerManager.log(LoggerManager.java:33)] - Scenario: --> FAILED : The user is able to register into the page
2023-02-26 18:36:06.490 INFO [main] [utils.LoggerManager.log(LoggerManager.java:33)] - Scenario: --> The user is able to register into the page
2023-02-26 18:36:06.524 INFO [main] [utils.LoggerManager.log(LoggerManager.java:33)] - Scenario: --> FAILED : The user is able to register into the page
2023-02-26 18:36:06.542 INFO [main] [utils.LoggerManager.log(LoggerManager.java:33)] - Closing WebDriver
2023-02-26 18:39:17.970 INFO [main] [utils.LoggerManager.log(LoggerManager.java:33)] - Reading WebDriver config
2023-02-26 18:39:17.976 INFO [main] [utils.LoggerManager.log(LoggerManager.java:33)] - Selected browser is --> chrome
2023-02-26 18:39:17.977 INFO [main] [utils.LoggerManager.log(LoggerManager.java:33)] - Initializing Selenium WebDriver Manager
2023-02-26 18:39:22.234 INFO [main] [utils.LoggerManager.log(LoggerManager.java:33)] - Scenario: --> The user is able to register into the page
2023-02-26 18:39:22.246 INFO [main] [utils.LoggerManager.log(LoggerManager.java:33)] - Reading credentials
2023-02-26 18:39:22.246 INFO [main] [utils.LoggerManager.log(LoggerManager.java:33)] - WordPress Environment Id --> local
2023-02-26 18:39:22.248 INFO [main] [utils.LoggerManager.log(LoggerManager.java:33)] - Initializing Page Transporter
2023-02-26 18:39:56.282 INFO [main] [utils.LoggerManager.log(LoggerManager.java:33)] - Scenario: --> FAILED : The user is able to register into the page
2023-02-26 18:39:56.504 INFO [main] [utils.LoggerManager.log(LoggerManager.java:33)] - Scenario: --> The user is able to register into the page
2023-02-26 18:40:26.997 INFO [main] [utils.LoggerManager.log(LoggerManager.java:33)] - Scenario: --> FAILED : The user is able to register into the page
2023-02-26 18:40:27.200 INFO [main] [utils.LoggerManager.log(LoggerManager.java:33)] - Closing WebDriver
2023-02-26 18:41:44.321 INFO [main] [utils.LoggerManager.log(LoggerManager.java:33)] - Reading WebDriver config
2023-02-26 18:41:44.326 INFO [main] [utils.LoggerManager.log(LoggerManager.java:33)] - Selected browser is --> chrome
2023-02-26 18:41:44.327 INFO [main] [utils.LoggerManager.log(LoggerManager.java:33)] - Initializing Selenium WebDriver Manager
2023-02-26 18:41:47.039 INFO [main] [utils.LoggerManager.log(LoggerManager.java:33)] - Scenario: --> The user is able to register into the page
2023-02-26 18:41:47.050 INFO [main] [utils.LoggerManager.log(LoggerManager.java:33)] - Reading credentials
2023-02-26 18:41:47.052 INFO [main] [utils.LoggerManager.log(LoggerManager.java:33)] - WordPress Environment Id --> local
2023-02-26 18:41:47.052 INFO [main] [utils.LoggerManager.log(LoggerManager.java:33)] - Initializing Page Transporter
2023-02-26 18:42:20.456 INFO [main] [utils.LoggerManager.log(LoggerManager.java:33)] - Reading WebDriver config
2023-02-26 18:42:20.460 INFO [main] [utils.LoggerManager.log(LoggerManager.java:33)] - Selected browser is --> chrome
2023-02-26 18:42:20.460 INFO [main] [utils.LoggerManager.log(LoggerManager.java:33)] - Initializing Selenium WebDriver Manager
2023-02-26 18:42:23.022 INFO [main] [utils.LoggerManager.log(LoggerManager.java:33)] - Scenario: --> The user is able to register into the page
2023-02-26 18:42:23.028 INFO [main] [utils.LoggerManager.log(LoggerManager.java:33)] - Reading credentials
2023-02-26 18:42:23.029 INFO [main] [utils.LoggerManager.log(LoggerManager.java:33)] - WordPress Environment Id --> local
2023-02-26 18:42:23.030 INFO [main] [utils.LoggerManager.log(LoggerManager.java:33)] - Initializing Page Transporter
2023-02-26 18:42:45.513 INFO [main] [utils.LoggerManager.log(LoggerManager.java:33)] - Scenario: --> FAILED : The user is able to register into the page
2023-02-26 18:42:45.612 INFO [main] [utils.LoggerManager.log(LoggerManager.java:33)] - Scenario: --> The user is able to register into the page
2023-02-26 18:42:45.663 INFO [main] [utils.LoggerManager.log(LoggerManager.java:33)] - Scenario: --> FAILED : The user is able to register into the page
2023-02-26 18:42:45.682 INFO [main] [utils.LoggerManager.log(LoggerManager.java:33)] - Closing WebDriver
2023-02-26 19:42:59.758 INFO [main] [utils.LoggerManager.log(LoggerManager.java:33)] - Reading WebDriver config
2023-02-26 19:42:59.762 INFO [main] [utils.LoggerManager.log(LoggerManager.java:33)] - Selected browser is --> chrome
2023-02-26 19:42:59.763 INFO [main] [utils.LoggerManager.log(LoggerManager.java:33)] - Initializing Selenium WebDriver Manager
2023-02-26 19:43:04.296 INFO [main] [utils.LoggerManager.log(LoggerManager.java:33)] - Scenario: --> The user is able to register into the page
2023-02-26 19:43:04.311 INFO [main] [utils.LoggerManager.log(LoggerManager.java:33)] - Reading credentials
2023-02-26 19:43:04.312 INFO [main] [utils.LoggerManager.log(LoggerManager.java:33)] - WordPress Environment Id --> local
2023-02-26 19:43:04.314 INFO [main] [utils.LoggerManager.log(LoggerManager.java:33)] - Initializing Page Transporter
2023-02-26 19:43:31.332 INFO [main] [utils.LoggerManager.log(LoggerManager.java:33)] - Scenario: --> FAILED : The user is able to register into the page
2023-02-26 19:43:31.566 INFO [main] [utils.LoggerManager.log(LoggerManager.java:33)] - Scenario: --> The user is able to register into the page
2023-02-26 19:43:50.510 INFO [main] [utils.LoggerManager.log(LoggerManager.java:33)] - Scenario: --> FAILED : The user is able to register into the page
2023-02-26 19:43:50.538 INFO [main] [utils.LoggerManager.log(LoggerManager.java:33)] - Closing WebDriver
2023-02-26 19:43:57.911 INFO [main] [utils.LoggerManager.log(LoggerManager.java:33)] - Reading WebDriver config
2023-02-26 19:43:57.914 INFO [main] [utils.LoggerManager.log(LoggerManager.java:33)] - Selected browser is --> chrome
2023-02-26 19:43:57.915 INFO [main] [utils.LoggerManager.log(LoggerManager.java:33)] - Initializing Selenium WebDriver Manager
2023-02-26 19:44:01.145 INFO [main] [utils.LoggerManager.log(LoggerManager.java:33)] - Scenario: --> The user is able to register into the page
2023-02-26 19:44:01.154 INFO [main] [utils.LoggerManager.log(LoggerManager.java:33)] - Reading credentials
2023-02-26 19:44:01.155 INFO [main] [utils.LoggerManager.log(LoggerManager.java:33)] - WordPress Environment Id --> local
2023-02-26 19:44:01.156 INFO [main] [utils.LoggerManager.log(LoggerManager.java:33)] - Initializing Page Transporter
2023-02-26 19:44:09.017 INFO [main] [utils.LoggerManager.log(LoggerManager.java:33)] - Scenario: --> FAILED : The user is able to register into the page
2023-02-26 19:44:09.051 INFO [main] [utils.LoggerManager.log(LoggerManager.java:33)] - Scenario: --> The user is able to register into the page
2023-02-26 19:44:09.083 INFO [main] [utils.LoggerManager.log(LoggerManager.java:33)] - Scenario: --> FAILED : The user is able to register into the page
2023-02-26 19:44:09.099 INFO [main] [utils.LoggerManager.log(LoggerManager.java:33)] - Closing WebDriver
2023-02-26 19:44:26.503 INFO [main] [utils.LoggerManager.log(LoggerManager.java:33)] - Reading WebDriver config
2023-02-26 19:44:26.510 INFO [main] [utils.LoggerManager.log(LoggerManager.java:33)] - Selected browser is --> chrome
2023-02-26 19:44:26.510 INFO [main] [utils.LoggerManager.log(LoggerManager.java:33)] - Initializing Selenium WebDriver Manager
2023-02-26 19:44:29.094 INFO [main] [utils.LoggerManager.log(LoggerManager.java:33)] - Scenario: --> The user is able to register into the page
2023-02-26 19:44:29.111 INFO [main] [utils.LoggerManager.log(LoggerManager.java:33)] - Reading credentials
2023-02-26 19:44:29.112 INFO [main] [utils.LoggerManager.log(LoggerManager.java:33)] - WordPress Environment Id --> local
2023-02-26 19:44:29.114 INFO [main] [utils.LoggerManager.log(LoggerManager.java:33)] - Initializing Page Transporter
2023-02-26 19:44:46.440 INFO [main] [utils.LoggerManager.log(LoggerManager.java:33)] - Scenario: --> FAILED : The user is able to register into the page
2023-02-26 19:44:46.515 INFO [main] [utils.LoggerManager.log(LoggerManager.java:33)] - Scenario: --> The user is able to register into the page
2023-02-26 19:44:46.564 INFO [main] [utils.LoggerManager.log(LoggerManager.java:33)] - Scenario: --> FAILED : The user is able to register into the page
2023-02-26 19:44:46.587 INFO [main] [utils.LoggerManager.log(LoggerManager.java:33)] - Closing WebDriver
2023-02-26 19:51:01.899 INFO [main] [utils.LoggerManager.log(LoggerManager.java:33)] - Reading WebDriver config
2023-02-26 19:51:01.905 INFO [main] [utils.LoggerManager.log(LoggerManager.java:33)] - Selected browser is --> chrome
2023-02-26 19:51:01.905 INFO [main] [utils.LoggerManager.log(LoggerManager.java:33)] - Initializing Selenium WebDriver Manager
2023-02-26 19:51:05.181 INFO [main] [utils.LoggerManager.log(LoggerManager.java:33)] - Scenario: --> The user is able to register into the page
2023-02-26 19:51:05.201 INFO [main] [utils.LoggerManager.log(LoggerManager.java:33)] - Reading credentials
2023-02-26 19:51:05.202 INFO [main] [utils.LoggerManager.log(LoggerManager.java:33)] - WordPress Environment Id --> local
2023-02-26 19:51:05.204 INFO [main] [utils.LoggerManager.log(LoggerManager.java:33)] - Initializing Page Transporter
2023-02-26 19:51:22.086 INFO [main] [utils.LoggerManager.log(LoggerManager.java:33)] - Scenario: --> FAILED : The user is able to register into the page
2023-02-26 19:51:22.131 INFO [main] [utils.LoggerManager.log(LoggerManager.java:33)] - Scenario: --> The user is able to register into the page
2023-02-26 19:51:22.169 INFO [main] [utils.LoggerManager.log(LoggerManager.java:33)] - Scenario: --> FAILED : The user is able to register into the page
2023-02-26 19:51:22.186 INFO [main] [utils.LoggerManager.log(LoggerManager.java:33)] - Closing WebDriver
2023-02-26 19:51:58.728 INFO [main] [utils.LoggerManager.log(LoggerManager.java:33)] - Reading WebDriver config
2023-02-26 19:51:58.732 INFO [main] [utils.LoggerManager.log(LoggerManager.java:33)] - Selected browser is --> chrome
2023-02-26 19:51:58.733 INFO [main] [utils.LoggerManager.log(LoggerManager.java:33)] - Initializing Selenium WebDriver Manager
2023-02-26 19:52:01.793 INFO [main] [utils.LoggerManager.log(LoggerManager.java:33)] - Scenario: --> The user is able to register into the page
2023-02-26 19:52:01.802 INFO [main] [utils.LoggerManager.log(LoggerManager.java:33)] - Reading credentials
2023-02-26 19:52:01.802 INFO [main] [utils.LoggerManager.log(LoggerManager.java:33)] - WordPress Environment Id --> local
2023-02-26 19:52:01.803 INFO [main] [utils.LoggerManager.log(LoggerManager.java:33)] - Initializing Page Transporter
2023-02-26 19:52:27.296 INFO [main] [utils.LoggerManager.log(LoggerManager.java:33)] - Scenario: --> FAILED : The user is able to register into the page
2023-02-26 19:52:27.353 INFO [main] [utils.LoggerManager.log(LoggerManager.java:33)] - Scenario: --> The user is able to register into the page
2023-02-26 19:52:27.399 INFO [main] [utils.LoggerManager.log(LoggerManager.java:33)] - Scenario: --> FAILED : The user is able to register into the page
2023-02-26 19:52:27.416 INFO [main] [utils.LoggerManager.log(LoggerManager.java:33)] - Closing WebDriver
2023-02-26 20:14:47.545 INFO [main] [utils.LoggerManager.log(LoggerManager.java:33)] - Reading WebDriver config
2023-02-26 20:14:47.549 INFO [main] [utils.LoggerManager.log(LoggerManager.java:33)] - Selected browser is --> chrome
2023-02-26 20:14:47.551 INFO [main] [utils.LoggerManager.log(LoggerManager.java:33)] - Initializing Selenium WebDriver Manager
2023-02-26 20:14:55.690 INFO [main] [utils.LoggerManager.log(LoggerManager.java:33)] - Scenario: --> The user is able to register into the page
2023-02-26 20:14:55.714 INFO [main] [utils.LoggerManager.log(LoggerManager.java:33)] - Reading credentials
2023-02-26 20:14:55.716 INFO [main] [utils.LoggerManager.log(LoggerManager.java:33)] - WordPress Environment Id --> local
2023-02-26 20:14:55.720 INFO [main] [utils.LoggerManager.log(LoggerManager.java:33)] - Initializing Page Transporter
2023-02-26 20:15:16.959 INFO [main] [utils.LoggerManager.log(LoggerManager.java:33)] - Scenario: --> FAILED : The user is able to register into the page
2023-02-26 20:15:17.368 INFO [main] [utils.LoggerManager.log(LoggerManager.java:33)] - Scenario: --> The user is able to register into the page
2023-02-26 20:15:46.515 INFO [main] [utils.LoggerManager.log(LoggerManager.java:33)] - Scenario: --> FAILED : The user is able to register into the page
2023-02-26 20:15:46.897 INFO [main] [utils.LoggerManager.log(LoggerManager.java:33)] - Closing WebDriver
2023-02-26 20:20:55.126 INFO [main] [utils.LoggerManager.log(LoggerManager.java:33)] - Reading WebDriver config
2023-02-26 20:20:55.139 INFO [main] [utils.LoggerManager.log(LoggerManager.java:33)] - Selected browser is --> chrome
2023-02-26 20:20:55.140 INFO [main] [utils.LoggerManager.log(LoggerManager.java:33)] - Initializing Selenium WebDriver Manager
2023-02-26 20:23:18.952 INFO [main] [utils.LoggerManager.log(LoggerManager.java:33)] - Reading WebDriver config
2023-02-26 20:23:18.956 INFO [main] [utils.LoggerManager.log(LoggerManager.java:33)] - Selected browser is --> chrome
2023-02-26 20:23:18.956 INFO [main] [utils.LoggerManager.log(LoggerManager.java:33)] - Initializing Selenium WebDriver Manager
2023-02-26 20:23:23.978 INFO [main] [utils.LoggerManager.log(LoggerManager.java:33)] - Scenario: --> The user is able to register into the page
2023-02-26 20:23:23.990 INFO [main] [utils.LoggerManager.log(LoggerManager.java:33)] - Reading credentials
2023-02-26 20:23:23.991 INFO [main] [utils.LoggerManager.log(LoggerManager.java:33)] - WordPress Environment Id --> local
2023-02-26 20:23:23.992 INFO [main] [utils.LoggerManager.log(LoggerManager.java:33)] - Initializing Page Transporter
2023-02-26 20:24:10.426 INFO [main] [utils.LoggerManager.log(LoggerManager.java:33)] - Scenario: --> FAILED : The user is able to register into the page
2023-02-26 20:24:10.867 INFO [main] [utils.LoggerManager.log(LoggerManager.java:33)] - Scenario: --> The user is able to register into the page
2023-02-26 20:24:28.437 INFO [main] [utils.LoggerManager.log(LoggerManager.java:33)] - Scenario: --> FAILED : The user is able to register into the page
2023-02-26 20:24:28.777 INFO [main] [utils.LoggerManager.log(LoggerManager.java:33)] - Closing WebDriver
2023-02-26 20:25:10.982 INFO [main] [utils.LoggerManager.log(LoggerManager.java:33)] - Reading WebDriver config
2023-02-26 20:25:10.986 INFO [main] [utils.LoggerManager.log(LoggerManager.java:33)] - Selected browser is --> chrome
2023-02-26 20:25:10.987 INFO [main] [utils.LoggerManager.log(LoggerManager.java:33)] - Initializing Selenium WebDriver Manager
2023-02-26 20:25:15.595 INFO [main] [utils.LoggerManager.log(LoggerManager.java:33)] - Scenario: --> The user is able to register into the page
2023-02-26 20:25:15.612 INFO [main] [utils.LoggerManager.log(LoggerManager.java:33)] - Reading credentials
2023-02-26 20:25:15.612 INFO [main] [utils.LoggerManager.log(LoggerManager.java:33)] - WordPress Environment Id --> local
2023-02-26 20:25:15.613 INFO [main] [utils.LoggerManager.log(LoggerManager.java:33)] - Initializing Page Transporter
2023-02-26 20:25:38.285 INFO [main] [utils.LoggerManager.log(LoggerManager.java:33)] - Scenario: --> PASSED : The user is able to register into the page
2023-02-26 20:25:38.295 INFO [main] [utils.LoggerManager.log(LoggerManager.java:33)] - Scenario: --> The user is able to register into the page
2023-02-26 20:25:50.453 INFO [main] [utils.LoggerManager.log(LoggerManager.java:33)] - Scenario: --> PASSED : The user is able to register into the page
2023-02-26 20:25:50.456 INFO [main] [utils.LoggerManager.log(LoggerManager.java:33)] - Closing WebDriver
2023-02-26 21:05:35.489 INFO [main] [utils.LoggerManager.log(LoggerManager.java:33)] - Reading WebDriver config
2023-02-26 21:05:35.495 INFO [main] [utils.LoggerManager.log(LoggerManager.java:33)] - Selected browser is --> chrome
2023-02-26 21:05:35.496 INFO [main] [utils.LoggerManager.log(LoggerManager.java:33)] - Initializing Selenium WebDriver Manager
2023-02-26 21:05:43.739 INFO [main] [utils.LoggerManager.log(LoggerManager.java:33)] - Scenario: --> The user is not able to register with incorrect information
2023-02-26 21:05:43.755 INFO [main] [utils.LoggerManager.log(LoggerManager.java:33)] - Reading credentials
2023-02-26 21:05:43.756 INFO [main] [utils.LoggerManager.log(LoggerManager.java:33)] - WordPress Environment Id --> local
2023-02-26 21:05:43.760 INFO [main] [utils.LoggerManager.log(LoggerManager.java:33)] - Initializing Page Transporter
2023-02-26 21:06:06.716 INFO [main] [utils.LoggerManager.log(LoggerManager.java:33)] - Scenario: --> FAILED : The user is not able to register with incorrect information
2023-02-26 21:06:06.941 INFO [main] [utils.LoggerManager.log(LoggerManager.java:33)] - Scenario: --> The user is not able to register with incorrect information
2023-02-26 21:06:12.288 INFO [main] [utils.LoggerManager.log(LoggerManager.java:33)] - Scenario: --> FAILED : The user is not able to register with incorrect information
2023-02-26 21:06:12.500 INFO [main] [utils.LoggerManager.log(LoggerManager.java:33)] - Closing WebDriver
2023-02-26 21:06:37.986 INFO [main] [utils.LoggerManager.log(LoggerManager.java:33)] - Reading WebDriver config
2023-02-26 21:06:37.992 INFO [main] [utils.LoggerManager.log(LoggerManager.java:33)] - Selected browser is --> chrome
2023-02-26 21:06:37.993 INFO [main] [utils.LoggerManager.log(LoggerManager.java:33)] - Initializing Selenium WebDriver Manager
2023-02-26 21:06:43.469 INFO [main] [utils.LoggerManager.log(LoggerManager.java:33)] - Scenario: --> The user is not able to register with incorrect information
2023-02-26 21:06:43.486 INFO [main] [utils.LoggerManager.log(LoggerManager.java:33)] - Reading credentials
2023-02-26 21:06:43.487 INFO [main] [utils.LoggerManager.log(LoggerManager.java:33)] - WordPress Environment Id --> local
2023-02-26 21:06:43.488 INFO [main] [utils.LoggerManager.log(LoggerManager.java:33)] - Initializing Page Transporter
2023-02-26 21:06:52.028 INFO [main] [utils.LoggerManager.log(LoggerManager.java:33)] - Scenario: --> FAILED : The user is not able to register with incorrect information
2023-02-26 21:06:52.228 INFO [main] [utils.LoggerManager.log(LoggerManager.java:33)] - Scenario: --> The user is not able to register with incorrect information
2023-02-26 21:07:15.367 INFO [main] [utils.LoggerManager.log(LoggerManager.java:33)] - Scenario: --> FAILED : The user is not able to register with incorrect information
2023-02-26 21:07:15.401 INFO [main] [utils.LoggerManager.log(LoggerManager.java:33)] - Closing WebDriver
2023-02-26 21:14:50.908 INFO [main] [utils.LoggerManager.log(LoggerManager.java:33)] - Reading WebDriver config
2023-02-26 21:14:50.911 INFO [main] [utils.LoggerManager.log(LoggerManager.java:33)] - Selected browser is --> chrome
2023-02-26 21:14:50.912 INFO [main] [utils.LoggerManager.log(LoggerManager.java:33)] - Initializing Selenium WebDriver Manager
2023-02-26 21:14:56.175 INFO [main] [utils.LoggerManager.log(LoggerManager.java:33)] - Scenario: --> The user gets an error when register user with existing email
2023-02-26 21:14:56.183 INFO [main] [utils.LoggerManager.log(LoggerManager.java:33)] - Reading credentials
2023-02-26 21:14:56.183 INFO [main] [utils.LoggerManager.log(LoggerManager.java:33)] - WordPress Environment Id --> local
2023-02-26 21:14:56.184 INFO [main] [utils.LoggerManager.log(LoggerManager.java:33)] - Initializing Page Transporter
2023-02-26 21:15:03.717 INFO [main] [utils.LoggerManager.log(LoggerManager.java:33)] - Scenario: --> PASSED : The user gets an error when register user with existing email
2023-02-26 21:15:03.720 INFO [main] [utils.LoggerManager.log(LoggerManager.java:33)] - Closing WebDriver
2023-02-26 22:01:34.036 INFO [main] [utils.LoggerManager.log(LoggerManager.java:33)] - Reading WebDriver config
2023-02-26 22:01:34.041 INFO [main] [utils.LoggerManager.log(LoggerManager.java:33)] - Selected browser is --> chrome
2023-02-26 22:01:34.042 INFO [main] [utils.LoggerManager.log(LoggerManager.java:33)] - Initializing Selenium WebDriver Manager
2023-02-26 22:01:40.653 INFO [main] [utils.LoggerManager.log(LoggerManager.java:33)] - Scenario: --> A user should be able to logout into the page
2023-02-26 22:01:40.677 INFO [main] [utils.LoggerManager.log(LoggerManager.java:33)] - Reading credentials
2023-02-26 22:01:40.678 INFO [main] [utils.LoggerManager.log(LoggerManager.java:33)] - WordPress Environment Id --> local
2023-02-26 22:01:40.679 INFO [main] [utils.LoggerManager.log(LoggerManager.java:33)] - Initializing Page Transporter
2023-02-26 22:01:56.862 INFO [main] [utils.LoggerManager.log(LoggerManager.java:33)] - Scenario: --> FAILED : A user should be able to logout into the page
2023-02-26 22:01:57.060 INFO [main] [utils.LoggerManager.log(LoggerManager.java:33)] - Closing WebDriver
2023-02-26 22:02:53.711 INFO [main] [utils.LoggerManager.log(LoggerManager.java:33)] - Reading WebDriver config
2023-02-26 22:02:53.714 INFO [main] [utils.LoggerManager.log(LoggerManager.java:33)] - Selected browser is --> chrome
2023-02-26 22:02:53.715 INFO [main] [utils.LoggerManager.log(LoggerManager.java:33)] - Initializing Selenium WebDriver Manager
2023-02-26 22:02:58.482 INFO [main] [utils.LoggerManager.log(LoggerManager.java:33)] - Scenario: --> A user should be able to logout into the page
2023-02-26 22:02:58.496 INFO [main] [utils.LoggerManager.log(LoggerManager.java:33)] - Reading credentials
2023-02-26 22:02:58.496 INFO [main] [utils.LoggerManager.log(LoggerManager.java:33)] - WordPress Environment Id --> local
2023-02-26 22:02:58.497 INFO [main] [utils.LoggerManager.log(LoggerManager.java:33)] - Initializing Page Transporter
2023-02-26 22:03:22.495 INFO [main] [utils.LoggerManager.log(LoggerManager.java:33)] - Scenario: --> FAILED : A user should be able to logout into the page
2023-02-26 22:03:22.778 INFO [main] [utils.LoggerManager.log(LoggerManager.java:33)] - Closing WebDriver
2023-02-26 22:13:36.659 INFO [main] [utils.LoggerManager.log(LoggerManager.java:33)] - Reading WebDriver config
2023-02-26 22:13:36.663 INFO [main] [utils.LoggerManager.log(LoggerManager.java:33)] - Selected browser is --> chrome
2023-02-26 22:13:36.664 INFO [main] [utils.LoggerManager.log(LoggerManager.java:33)] - Initializing Selenium WebDriver Manager
2023-02-26 22:13:42.452 INFO [main] [utils.LoggerManager.log(LoggerManager.java:33)] - Scenario: --> A user should be able to logout into the page
2023-02-26 22:13:42.464 INFO [main] [utils.LoggerManager.log(LoggerManager.java:33)] - Reading credentials
2023-02-26 22:13:42.464 INFO [main] [utils.LoggerManager.log(LoggerManager.java:33)] - WordPress Environment Id --> local
2023-02-26 22:13:42.465 INFO [main] [utils.LoggerManager.log(LoggerManager.java:33)] - Initializing Page Transporter
2023-02-26 22:13:52.308 INFO [main] [utils.LoggerManager.log(LoggerManager.java:33)] - Scenario: --> UNDEFINED : A user should be able to logout into the page
2023-02-26 22:13:52.311 INFO [main] [utils.LoggerManager.log(LoggerManager.java:33)] - Closing WebDriver
2023-02-26 22:14:16.119 INFO [main] [utils.LoggerManager.log(LoggerManager.java:33)] - Reading WebDriver config
2023-02-26 22:14:16.122 INFO [main] [utils.LoggerManager.log(LoggerManager.java:33)] - Selected browser is --> chrome
2023-02-26 22:14:16.123 INFO [main] [utils.LoggerManager.log(LoggerManager.java:33)] - Initializing Selenium WebDriver Manager
2023-02-26 22:14:21.373 INFO [main] [utils.LoggerManager.log(LoggerManager.java:33)] - Scenario: --> A user should be able to logout into the page
2023-02-26 22:14:21.382 INFO [main] [utils.LoggerManager.log(LoggerManager.java:33)] - Reading credentials
2023-02-26 22:14:21.383 INFO [main] [utils.LoggerManager.log(LoggerManager.java:33)] - WordPress Environment Id --> local
2023-02-26 22:14:21.384 INFO [main] [utils.LoggerManager.log(LoggerManager.java:33)] - Initializing Page Transporter
2023-02-26 22:14:47.811 INFO [main] [utils.LoggerManager.log(LoggerManager.java:33)] - Scenario: --> FAILED : A user should be able to logout into the page
2023-02-26 22:14:47.998 INFO [main] [utils.LoggerManager.log(LoggerManager.java:33)] - Closing WebDriver
2023-02-26 22:22:01.803 INFO [main] [utils.LoggerManager.log(LoggerManager.java:33)] - Reading WebDriver config
2023-02-26 22:22:01.806 INFO [main] [utils.LoggerManager.log(LoggerManager.java:33)] - Selected browser is --> chrome
2023-02-26 22:22:01.806 INFO [main] [utils.LoggerManager.log(LoggerManager.java:33)] - Initializing Selenium WebDriver Manager
2023-02-26 22:22:07.570 INFO [main] [utils.LoggerManager.log(LoggerManager.java:33)] - Scenario: --> A user should be able to logout into the page
2023-02-26 22:22:07.580 INFO [main] [utils.LoggerManager.log(LoggerManager.java:33)] - Reading credentials
2023-02-26 22:22:07.582 INFO [main] [utils.LoggerManager.log(LoggerManager.java:33)] - WordPress Environment Id --> local
2023-02-26 22:22:07.584 INFO [main] [utils.LoggerManager.log(LoggerManager.java:33)] - Initializing Page Transporter
2023-02-26 22:22:24.416 INFO [main] [utils.LoggerManager.log(LoggerManager.java:33)] - Scenario: --> PASSED : A user should be able to logout into the page
2023-02-26 22:22:24.420 INFO [main] [utils.LoggerManager.log(LoggerManager.java:33)] - Closing WebDriver
2023-02-26 22:35:38.201 INFO [main] [utils.LoggerManager.log(LoggerManager.java:33)] - Reading WebDriver config
2023-02-26 22:35:38.206 INFO [main] [utils.LoggerManager.log(LoggerManager.java:33)] - Selected browser is --> chrome
2023-02-26 22:35:38.206 INFO [main] [utils.LoggerManager.log(LoggerManager.java:33)] - Initializing Selenium WebDriver Manager
2023-02-26 22:35:45.417 INFO [main] [utils.LoggerManager.log(LoggerManager.java:33)] - Scenario: --> A user should be able to delete his account
2023-02-26 22:35:45.431 INFO [main] [utils.LoggerManager.log(LoggerManager.java:33)] - Reading credentials
2023-02-26 22:35:45.432 INFO [main] [utils.LoggerManager.log(LoggerManager.java:33)] - WordPress Environment Id --> local
2023-02-26 22:35:45.433 INFO [main] [utils.LoggerManager.log(LoggerManager.java:33)] - Initializing Page Transporter
2023-02-26 22:36:07.634 INFO [main] [utils.LoggerManager.log(LoggerManager.java:33)] - Scenario: --> FAILED : A user should be able to delete his account
2023-02-26 22:36:07.822 INFO [main] [utils.LoggerManager.log(LoggerManager.java:33)] - Closing WebDriver
2023-02-26 22:39:25.780 INFO [main] [utils.LoggerManager.log(LoggerManager.java:33)] - Reading WebDriver config
2023-02-26 22:39:25.783 INFO [main] [utils.LoggerManager.log(LoggerManager.java:33)] - Selected browser is --> chrome
2023-02-26 22:39:25.785 INFO [main] [utils.LoggerManager.log(LoggerManager.java:33)] - Initializing Selenium WebDriver Manager
2023-02-26 22:39:31.734 INFO [main] [utils.LoggerManager.log(LoggerManager.java:33)] - Scenario: --> The user is able to access to the product page
2023-02-26 22:39:31.758 INFO [main] [utils.LoggerManager.log(LoggerManager.java:33)] - Scenario: --> UNDEFINED : The user is able to access to the product page
2023-02-26 22:48:28.805 INFO [main] [utils.LoggerManager.log(LoggerManager.java:33)] - Reading WebDriver config
2023-02-26 22:48:28.809 INFO [main] [utils.LoggerManager.log(LoggerManager.java:33)] - Selected browser is --> chrome
2023-02-26 22:48:28.810 INFO [main] [utils.LoggerManager.log(LoggerManager.java:33)] - Initializing Selenium WebDriver Manager
2023-02-26 22:48:34.840 INFO [main] [utils.LoggerManager.log(LoggerManager.java:33)] - Scenario: --> The user is able to access to the product page
2023-02-26 22:48:34.868 INFO [main] [utils.LoggerManager.log(LoggerManager.java:33)] - Scenario: --> UNDEFINED : The user is able to access to the product page
2023-02-26 22:49:05.688 INFO [main] [utils.LoggerManager.log(LoggerManager.java:33)] - Reading WebDriver config
2023-02-26 22:49:05.695 INFO [main] [utils.LoggerManager.log(LoggerManager.java:33)] - Selected browser is --> chrome
2023-02-26 22:49:05.696 INFO [main] [utils.LoggerManager.log(LoggerManager.java:33)] - Initializing Selenium WebDriver Manager
2023-02-26 22:49:12.425 INFO [main] [utils.LoggerManager.log(LoggerManager.java:33)] - Scenario: --> A user should be able to login into the page
2023-02-26 22:49:12.439 INFO [main] [utils.LoggerManager.log(LoggerManager.java:33)] - Reading credentials
2023-02-26 22:49:12.441 INFO [main] [utils.LoggerManager.log(LoggerManager.java:33)] - WordPress Environment Id --> local
2023-02-26 22:49:12.442 INFO [main] [utils.LoggerManager.log(LoggerManager.java:33)] - Initializing Page Transporter
2023-02-26 22:49:59.666 INFO [main] [utils.LoggerManager.log(LoggerManager.java:33)] - Scenario: --> FAILED : A user should be able to login into the page
2023-02-26 22:50:00.090 INFO [main] [utils.LoggerManager.log(LoggerManager.java:33)] - Closing WebDriver
2023-02-26 22:51:43.760 INFO [main] [utils.LoggerManager.log(LoggerManager.java:33)] - Reading WebDriver config
2023-02-26 22:51:43.764 INFO [main] [utils.LoggerManager.log(LoggerManager.java:33)] - Selected browser is --> chrome
2023-02-26 22:51:43.765 INFO [main] [utils.LoggerManager.log(LoggerManager.java:33)] - Initializing Selenium WebDriver Manager
2023-02-26 22:51:48.791 INFO [main] [utils.LoggerManager.log(LoggerManager.java:33)] - Scenario: --> A user should be able to login into the page
2023-02-26 22:51:48.806 INFO [main] [utils.LoggerManager.log(LoggerManager.java:33)] - Reading credentials
2023-02-26 22:51:48.806 INFO [main] [utils.LoggerManager.log(LoggerManager.java:33)] - WordPress Environment Id --> local
2023-02-26 22:51:48.806 INFO [main] [utils.LoggerManager.log(LoggerManager.java:33)] - Initializing Page Transporter
2023-02-26 22:53:28.761 INFO [main] [utils.LoggerManager.log(LoggerManager.java:33)] - Reading WebDriver config
2023-02-26 22:53:28.764 INFO [main] [utils.LoggerManager.log(LoggerManager.java:33)] - Selected browser is --> chrome
2023-02-26 22:53:28.765 INFO [main] [utils.LoggerManager.log(LoggerManager.java:33)] - Initializing Selenium WebDriver Manager
2023-02-26 22:53:34.849 INFO [main] [utils.LoggerManager.log(LoggerManager.java:33)] - Scenario: --> A user should be able to login into the page
2023-02-26 22:53:34.855 INFO [main] [utils.LoggerManager.log(LoggerManager.java:33)] - Reading credentials
2023-02-26 22:53:34.855 INFO [main] [utils.LoggerManager.log(LoggerManager.java:33)] - WordPress Environment Id --> local
2023-02-26 22:53:34.856 INFO [main] [utils.LoggerManager.log(LoggerManager.java:33)] - Initializing Page Transporter
2023-02-26 22:54:12.757 INFO [main] [utils.LoggerManager.log(LoggerManager.java:33)] - Scenario: --> FAILED : A user should be able to login into the page
2023-02-26 22:54:12.783 INFO [main] [utils.LoggerManager.log(LoggerManager.java:33)] - Closing WebDriver
2023-02-26 22:54:52.930 INFO [main] [utils.LoggerManager.log(LoggerManager.java:33)] - Reading WebDriver config
2023-02-26 22:54:52.935 INFO [main] [utils.LoggerManager.log(LoggerManager.java:33)] - Selected browser is --> chrome
2023-02-26 22:54:52.936 INFO [main] [utils.LoggerManager.log(LoggerManager.java:33)] - Initializing Selenium WebDriver Manager
2023-02-26 22:54:57.877 INFO [main] [utils.LoggerManager.log(LoggerManager.java:33)] - Scenario: --> A user should be able to login into the page
2023-02-26 22:54:57.894 INFO [main] [utils.LoggerManager.log(LoggerManager.java:33)] - Reading credentials
2023-02-26 22:54:57.894 INFO [main] [utils.LoggerManager.log(LoggerManager.java:33)] - WordPress Environment Id --> local
2023-02-26 22:54:57.896 INFO [main] [utils.LoggerManager.log(LoggerManager.java:33)] - Initializing Page Transporter
2023-02-26 22:55:14.487 INFO [main] [utils.LoggerManager.log(LoggerManager.java:33)] - Scenario: --> PASSED : A user should be able to login into the page
2023-02-26 22:55:14.491 INFO [main] [utils.LoggerManager.log(LoggerManager.java:33)] - Closing WebDriver
2023-02-26 22:57:09.331 INFO [main] [utils.LoggerManager.log(LoggerManager.java:33)] - Reading WebDriver config
2023-02-26 22:57:09.336 INFO [main] [utils.LoggerManager.log(LoggerManager.java:33)] - Selected browser is --> chrome
2023-02-26 22:57:09.337 INFO [main] [utils.LoggerManager.log(LoggerManager.java:33)] - Initializing Selenium WebDriver Manager
2023-02-26 22:57:15.180 INFO [main] [utils.LoggerManager.log(LoggerManager.java:33)] - Scenario: --> The user is able to access to the product page
2023-02-26 22:57:15.210 INFO [main] [utils.LoggerManager.log(LoggerManager.java:33)] - Scenario: --> UNDEFINED : The user is able to access to the product page
2023-02-26 23:20:00.266 INFO [main] [utils.LoggerManager.log(LoggerManager.java:33)] - Reading WebDriver config
2023-02-26 23:20:00.270 INFO [main] [utils.LoggerManager.log(LoggerManager.java:33)] - Selected browser is --> chrome
2023-02-26 23:20:00.272 INFO [main] [utils.LoggerManager.log(LoggerManager.java:33)] - Initializing Selenium WebDriver Manager
2023-02-26 23:20:09.243 INFO [main] [utils.LoggerManager.log(LoggerManager.java:33)] - Scenario: --> The user is able to see the products according one subcategory
2023-02-26 23:20:09.258 INFO [main] [utils.LoggerManager.log(LoggerManager.java:33)] - Reading credentials
2023-02-26 23:20:09.259 INFO [main] [utils.LoggerManager.log(LoggerManager.java:33)] - WordPress Environment Id --> local
2023-02-26 23:20:09.260 INFO [main] [utils.LoggerManager.log(LoggerManager.java:33)] - Initializing Page Transporter
2023-02-26 23:20:17.956 INFO [main] [utils.LoggerManager.log(LoggerManager.java:33)] - Scenario: --> UNDEFINED : The user is able to see the products according one subcategory
2023-02-26 23:20:17.971 INFO [main] [utils.LoggerManager.log(LoggerManager.java:33)] - Scenario: --> The user is able to see the products according one subcategory
2023-02-26 23:20:17.988 INFO [main] [utils.LoggerManager.log(LoggerManager.java:33)] - Scenario: --> UNDEFINED : The user is able to see the products according one subcategory
2023-02-26 23:26:41.035 INFO [main] [utils.LoggerManager.log(LoggerManager.java:33)] - Reading WebDriver config
2023-02-26 23:26:41.040 INFO [main] [utils.LoggerManager.log(LoggerManager.java:33)] - Selected browser is --> chrome
2023-02-26 23:26:41.041 INFO [main] [utils.LoggerManager.log(LoggerManager.java:33)] - Initializing Selenium WebDriver Manager
2023-02-26 23:26:49.188 INFO [main] [utils.LoggerManager.log(LoggerManager.java:33)] - Scenario: --> The user is able to see the products according one brand
2023-02-26 23:26:49.201 INFO [main] [utils.LoggerManager.log(LoggerManager.java:33)] - Reading credentials
2023-02-26 23:26:49.202 INFO [main] [utils.LoggerManager.log(LoggerManager.java:33)] - WordPress Environment Id --> local
2023-02-26 23:26:49.203 INFO [main] [utils.LoggerManager.log(LoggerManager.java:33)] - Initializing Page Transporter
2023-02-26 23:26:53.799 INFO [main] [utils.LoggerManager.log(LoggerManager.java:33)] - Scenario: --> UNDEFINED : The user is able to see the products according one brand
2023-02-26 23:26:53.835 INFO [main] [utils.LoggerManager.log(LoggerManager.java:33)] - Scenario: --> The user is able to see the products according one brand
2023-02-26 23:26:53.858 INFO [main] [utils.LoggerManager.log(LoggerManager.java:33)] - Scenario: --> UNDEFINED : The user is able to see the products according one brand
